2025-09-30 16:21:28 DEBUG OServer:74 - Server has ben started on TCP_PORT: 1234 UDP_PORT: 1235
2025-09-30 16:21:28 DEBUG KillThemAllServer:28 - Server is up
2025-09-30 16:21:29 DEBUG ServerWorld:78 - Number of enemies : 0
2025-09-30 16:21:31 DEBUG ServerWorld:78 - Number of enemies : 5
2025-09-30 16:21:33 DEBUG ServerWorld:78 - Number of enemies : 10
2025-09-30 16:21:35 DEBUG ServerWorld:78 - Number of enemies : 15
2025-09-30 16:23:54 DEBUG OServer:74 - Server has ben started on TCP_PORT: 1234 UDP_PORT: 1235
2025-09-30 16:23:55 DEBUG KillThemAllServer:28 - Server is up
2025-09-30 16:23:55 DEBUG ServerWorld:78 - Number of enemies : 0
2025-09-30 16:23:57 DEBUG ServerWorld:78 - Number of enemies : 5
2025-09-30 16:23:59 DEBUG ServerWorld:78 - Number of enemies : 10
2025-09-30 16:24:01 DEBUG ServerWorld:78 - Number of enemies : 15
2025-09-30 16:24:59 DEBUG ServerWorld:119 - Login Message recieved from : 1
2025-09-30 16:25:03 DEBUG ServerWorld:78 - Number of enemies : 15
2025-09-30 16:25:05 DEBUG ServerWorld:78 - Number of enemies : 15
2025-09-30 16:25:09 DEBUG ServerWorld:78 - Number of enemies : 15
2025-09-30 16:25:10 DEBUG ServerWorld:78 - Number of enemies : 15
2025-09-30 16:25:11 DEBUG ServerWorld:78 - Number of enemies : 15
2025-09-30 16:25:11 DEBUG ServerWorld:78 - Number of enemies : 15
2025-09-30 16:25:13 DEBUG ServerWorld:78 - Number of enemies : 15
2025-09-30 16:25:14 DEBUG ServerWorld:78 - Number of enemies : 15
2025-09-30 16:25:15 DEBUG ServerWorld:78 - Number of enemies : 15
2025-09-30 16:25:17 DEBUG ServerWorld:78 - Number of enemies : 15
2025-09-30 16:25:18 DEBUG ServerWorld:78 - Number of enemies : 15
2025-09-30 16:25:18 DEBUG ServerWorld:78 - Number of enemies : 15
2025-09-30 16:25:19 DEBUG ServerWorld:78 - Number of enemies : 15
2025-09-30 16:25:19 DEBUG ServerWorld:78 - Number of enemies : 15
2025-09-30 16:25:21 DEBUG ServerWorld:78 - Number of enemies : 15
2025-09-30 16:25:23 DEBUG ServerWorld:78 - Number of enemies : 15
2025-09-30 16:25:27 DEBUG ServerWorld:78 - Number of enemies : 15
2025-09-30 16:25:28 DEBUG ServerWorld:78 - Number of enemies : 15
2025-09-30 16:25:29 DEBUG ServerWorld:78 - Number of enemies : 15
2025-09-30 16:25:34 DEBUG ServerWorld:78 - Number of enemies : 15
2025-09-30 16:25:35 DEBUG ServerWorld:78 - Number of enemies : 15
2025-09-30 16:25:37 DEBUG ServerWorld:78 - Number of enemies : 15
2025-09-30 16:25:38 DEBUG ServerWorld:78 - Number of enemies : 15
2025-09-30 16:25:39 DEBUG ServerWorld:78 - Number of enemies : 15
2025-09-30 16:25:40 DEBUG ServerWorld:78 - Number of enemies : 15
2025-09-30 16:25:41 DEBUG ServerWorld:78 - Number of enemies : 15
2025-09-30 16:25:41 DEBUG ServerWorld:78 - Number of enemies : 15
2025-09-30 16:25:42 DEBUG ServerWorld:78 - Number of enemies : 15
2025-09-30 16:25:42 DEBUG ServerWorld:78 - Number of enemies : 15
2025-09-30 16:25:43 DEBUG ServerWorld:78 - Number of enemies : 15
2025-09-30 16:25:43 DEBUG ServerWorld:78 - Number of enemies : 15
2025-09-30 16:25:44 DEBUG ServerWorld:78 - Number of enemies : 15
2025-09-30 16:25:45 DEBUG ServerWorld:78 - Number of enemies : 15
2025-09-30 16:25:45 DEBUG ServerWorld:78 - Number of enemies : 15
2025-09-30 16:25:46 DEBUG ServerWorld:78 - Number of enemies : 15
2025-09-30 16:25:46 DEBUG ServerWorld:78 - Number of enemies : 15
2025-09-30 16:25:47 DEBUG ServerWorld:78 - Number of enemies : 15
2025-09-30 16:25:48 DEBUG ServerWorld:78 - Number of enemies : 15
2025-09-30 16:25:49 DEBUG ServerWorld:78 - Number of enemies : 15
2025-09-30 16:25:50 DEBUG ServerWorld:78 - Number of enemies : 15
2025-09-30 16:25:51 DEBUG ServerWorld:78 - Number of enemies : 15
2025-09-30 16:25:52 DEBUG ServerWorld:78 - Number of enemies : 15
2025-09-30 16:25:58 DEBUG ServerWorld:131 - Logout Message recieved from : 1 Size: 0
2025-10-01 17:42:57 DEBUG OServer:74 - Server has ben started on TCP_PORT: 1234 UDP_PORT: 1235
2025-10-01 17:42:57 DEBUG KillThemAllServer:28 - Server is up
2025-10-01 17:42:57 DEBUG ServerWorld:78 - Number of enemies : 0
2025-10-01 17:42:59 DEBUG ServerWorld:78 - Number of enemies : 5
2025-10-01 17:43:01 DEBUG ServerWorld:78 - Number of enemies : 10
2025-10-01 17:43:03 DEBUG ServerWorld:78 - Number of enemies : 15
2025-10-01 17:43:24 DEBUG ServerWorld:121 - Login Message recieved from : 1
2025-10-01 17:43:26 DEBUG ServerWorld:78 - Number of enemies : 15
2025-10-01 17:43:27 DEBUG ServerWorld:78 - Number of enemies : 15
2025-10-01 17:43:28 DEBUG ServerWorld:78 - Number of enemies : 15
2025-10-01 17:43:29 DEBUG ServerWorld:78 - Number of enemies : 15
2025-10-01 17:43:29 DEBUG ServerWorld:78 - Number of enemies : 15
2025-10-01 17:43:31 DEBUG ServerWorld:78 - Number of enemies : 15
2025-10-01 17:43:32 DEBUG ServerWorld:78 - Number of enemies : 15
2025-10-01 17:43:33 DEBUG ServerWorld:78 - Number of enemies : 15
2025-10-01 17:43:34 DEBUG ServerWorld:78 - Number of enemies : 15
2025-10-01 17:43:38 DEBUG ServerWorld:78 - Number of enemies : 15
2025-10-01 17:43:38 DEBUG ServerWorld:78 - Number of enemies : 15
2025-10-01 17:43:41 DEBUG ServerWorld:78 - Number of enemies : 15
2025-10-01 17:43:41 DEBUG ServerWorld:78 - Number of enemies : 15
2025-10-01 17:43:42 DEBUG ServerWorld:78 - Number of enemies : 15
2025-10-01 17:43:42 DEBUG ServerWorld:78 - Number of enemies : 15
2025-10-01 17:43:44 DEBUG ServerWorld:78 - Number of enemies : 15
2025-10-01 17:43:46 DEBUG ServerWorld:78 - Number of enemies : 15
2025-10-01 17:43:47 DEBUG ServerWorld:78 - Number of enemies : 15
2025-10-01 17:43:48 DEBUG ServerWorld:78 - Number of enemies : 15
2025-10-01 17:43:48 DEBUG ServerWorld:78 - Number of enemies : 15
2025-10-01 17:43:49 DEBUG ServerWorld:78 - Number of enemies : 15
2025-10-01 17:43:49 DEBUG ServerWorld:78 - Number of enemies : 15
2025-10-01 17:43:52 DEBUG ServerWorld:78 - Number of enemies : 15
2025-10-01 17:43:53 DEBUG ServerWorld:78 - Number of enemies : 15
2025-10-01 17:43:56 DEBUG ServerWorld:78 - Number of enemies : 15
2025-10-01 17:43:58 DEBUG ServerWorld:78 - Number of enemies : 15
2025-10-01 17:43:58 DEBUG ServerWorld:78 - Number of enemies : 15
2025-10-01 17:43:58 DEBUG ServerWorld:78 - Number of enemies : 15
2025-10-01 17:43:59 DEBUG ServerWorld:78 - Number of enemies : 15
2025-10-01 17:43:59 DEBUG ServerWorld:78 - Number of enemies : 15
2025-10-01 17:44:00 DEBUG ServerWorld:78 - Number of enemies : 15
2025-10-01 17:44:00 DEBUG ServerWorld:78 - Number of enemies : 15
2025-10-01 17:44:01 DEBUG ServerWorld:78 - Number of enemies : 15
2025-10-01 17:44:02 DEBUG ServerWorld:78 - Number of enemies : 15
2025-10-01 17:44:03 DEBUG ServerWorld:78 - Number of enemies : 15
2025-10-01 17:44:03 DEBUG ServerWorld:78 - Number of enemies : 15
2025-10-01 17:44:03 DEBUG ServerWorld:78 - Number of enemies : 15
2025-10-01 17:44:05 DEBUG ServerWorld:78 - Number of enemies : 15
2025-10-01 17:44:05 DEBUG ServerWorld:78 - Number of enemies : 15
2025-10-01 17:44:06 DEBUG ServerWorld:78 - Number of enemies : 15
2025-10-01 17:44:06 DEBUG ServerWorld:78 - Number of enemies : 15
2025-10-01 17:44:07 DEBUG ServerWorld:78 - Number of enemies : 15
2025-10-01 17:44:08 DEBUG ServerWorld:78 - Number of enemies : 15
2025-10-01 17:44:09 DEBUG ServerWorld:78 - Number of enemies : 15
2025-10-01 17:44:10 DEBUG ServerWorld:78 - Number of enemies : 15
2025-10-01 17:44:14 DEBUG ServerWorld:78 - Number of enemies : 15
2025-10-01 17:44:15 DEBUG ServerWorld:78 - Number of enemies : 15
2025-10-01 17:44:17 DEBUG ServerWorld:78 - Number of enemies : 15
2025-10-01 17:44:18 DEBUG ServerWorld:78 - Number of enemies : 15
2025-10-01 17:44:18 DEBUG ServerWorld:78 - Number of enemies : 15
2025-10-01 17:44:19 DEBUG ServerWorld:78 - Number of enemies : 15
2025-10-01 17:44:20 DEBUG ServerWorld:78 - Number of enemies : 15
2025-10-01 17:44:20 DEBUG ServerWorld:78 - Number of enemies : 15
2025-10-01 17:44:22 DEBUG ServerWorld:78 - Number of enemies : 15
2025-10-01 17:44:22 DEBUG ServerWorld:78 - Number of enemies : 15
2025-10-01 17:44:23 DEBUG ServerWorld:78 - Number of enemies : 15
2025-10-01 17:44:24 DEBUG ServerWorld:78 - Number of enemies : 15
2025-10-01 17:44:24 DEBUG ServerWorld:78 - Number of enemies : 15
2025-10-01 17:44:25 DEBUG ServerWorld:78 - Number of enemies : 15
2025-10-01 17:44:29 DEBUG ServerWorld:78 - Number of enemies : 15
2025-10-01 17:44:30 DEBUG ServerWorld:78 - Number of enemies : 15
2025-10-01 17:44:33 DEBUG ServerWorld:78 - Number of enemies : 15
2025-10-01 17:44:34 DEBUG ServerWorld:78 - Number of enemies : 15
2025-10-01 17:44:34 DEBUG ServerWorld:78 - Number of enemies : 15
2025-10-01 17:44:37 DEBUG ServerWorld:78 - Number of enemies : 15
2025-10-01 17:44:38 DEBUG ServerWorld:78 - Number of enemies : 15
2025-10-01 17:44:39 DEBUG ServerWorld:78 - Number of enemies : 15
2025-10-01 17:44:40 DEBUG ServerWorld:78 - Number of enemies : 15
2025-10-01 17:44:40 DEBUG ServerWorld:78 - Number of enemies : 15
2025-10-01 17:44:41 DEBUG ServerWorld:78 - Number of enemies : 15
2025-10-01 17:44:42 DEBUG ServerWorld:78 - Number of enemies : 15
2025-10-01 17:44:43 DEBUG ServerWorld:78 - Number of enemies : 15
2025-10-01 17:44:43 DEBUG ServerWorld:78 - Number of enemies : 15
2025-10-01 17:44:50 DEBUG ServerWorld:78 - Number of enemies : 15
2025-10-01 17:44:51 DEBUG ServerWorld:78 - Number of enemies : 15
2025-10-01 17:44:51 DEBUG ServerWorld:78 - Number of enemies : 15
2025-10-01 17:44:52 DEBUG ServerWorld:78 - Number of enemies : 15
2025-10-01 17:44:54 DEBUG ServerWorld:78 - Number of enemies : 15
2025-10-01 17:44:54 DEBUG ServerWorld:78 - Number of enemies : 15
2025-10-01 17:44:55 DEBUG ServerWorld:78 - Number of enemies : 15
2025-10-01 17:44:56 DEBUG ServerWorld:78 - Number of enemies : 15
2025-10-01 17:44:56 DEBUG ServerWorld:78 - Number of enemies : 15
2025-10-01 17:44:58 DEBUG ServerWorld:78 - Number of enemies : 15
2025-10-01 17:44:58 DEBUG ServerWorld:78 - Number of enemies : 15
2025-10-01 17:44:58 DEBUG ServerWorld:78 - Number of enemies : 15
2025-10-01 17:44:59 DEBUG ServerWorld:78 - Number of enemies : 15
2025-10-01 17:44:59 DEBUG ServerWorld:78 - Number of enemies : 15
2025-10-01 17:45:00 DEBUG ServerWorld:78 - Number of enemies : 15
2025-10-01 17:45:00 DEBUG ServerWorld:78 - Number of enemies : 15
2025-10-01 17:45:01 DEBUG ServerWorld:78 - Number of enemies : 15
2025-10-01 17:45:01 DEBUG ServerWorld:78 - Number of enemies : 15
2025-10-01 17:45:05 DEBUG ServerWorld:133 - Logout Message recieved from : 1 Size: 0
2025-10-07 14:43:54 DEBUG OServer:74 - Server has ben started on TCP_PORT: 1234 UDP_PORT: 1235
2025-10-07 14:43:54 DEBUG KillThemAllServer:28 - Server is up
2025-10-07 14:43:55 DEBUG ServerWorld:79 - Number of enemies : 0
2025-10-07 14:43:57 DEBUG ServerWorld:79 - Number of enemies : 5
2025-10-07 14:43:59 DEBUG ServerWorld:79 - Number of enemies : 10
2025-10-07 14:44:01 DEBUG ServerWorld:79 - Number of enemies : 15
2025-10-07 14:44:15 DEBUG ServerWorld:124 - Login Message recieved from : 1
2025-10-07 14:44:17 DEBUG ServerWorld:79 - Number of enemies : 15
2025-10-07 14:44:18 DEBUG ServerWorld:79 - Number of enemies : 15
2025-10-07 14:44:21 DEBUG ServerWorld:79 - Number of enemies : 15
2025-10-07 14:44:22 DEBUG ServerWorld:79 - Number of enemies : 15
2025-10-07 14:44:23 DEBUG ServerWorld:79 - Number of enemies : 15
2025-10-07 14:44:24 DEBUG ServerWorld:79 - Number of enemies : 15
2025-10-07 14:44:24 DEBUG ServerWorld:79 - Number of enemies : 15
2025-10-07 14:44:25 DEBUG ServerWorld:79 - Number of enemies : 15
2025-10-07 14:44:25 DEBUG ServerWorld:79 - Number of enemies : 15
2025-10-07 14:44:26 DEBUG ServerWorld:79 - Number of enemies : 15
2025-10-07 14:44:27 DEBUG ServerWorld:79 - Number of enemies : 15
2025-10-07 14:44:28 DEBUG ServerWorld:79 - Number of enemies : 15
2025-10-07 14:44:29 DEBUG ServerWorld:79 - Number of enemies : 15
2025-10-07 14:44:30 DEBUG ServerWorld:79 - Number of enemies : 15
2025-10-07 14:44:30 DEBUG ServerWorld:79 - Number of enemies : 15
2025-10-07 14:44:31 DEBUG ServerWorld:79 - Number of enemies : 15
2025-10-07 14:44:31 DEBUG ServerWorld:79 - Number of enemies : 15
2025-10-07 14:44:32 DEBUG ServerWorld:79 - Number of enemies : 15
2025-10-07 14:44:32 DEBUG ServerWorld:79 - Number of enemies : 15
2025-10-07 14:44:32 DEBUG ServerWorld:79 - Number of enemies : 15
2025-10-07 14:44:34 DEBUG ServerWorld:79 - Number of enemies : 15
2025-10-07 14:44:35 DEBUG ServerWorld:79 - Number of enemies : 15
2025-10-07 14:44:35 DEBUG ServerWorld:79 - Number of enemies : 15
2025-10-07 14:44:38 DEBUG ServerWorld:79 - Number of enemies : 15
2025-10-07 14:44:44 DEBUG ServerWorld:79 - Number of enemies : 15
2025-10-07 14:44:45 DEBUG ServerWorld:79 - Number of enemies : 15
2025-10-07 14:44:45 DEBUG ServerWorld:79 - Number of enemies : 15
2025-10-07 14:44:46 DEBUG ServerWorld:79 - Number of enemies : 15
2025-10-07 14:44:47 DEBUG ServerWorld:79 - Number of enemies : 15
2025-10-07 14:44:47 DEBUG ServerWorld:79 - Number of enemies : 15
2025-10-07 14:44:47 DEBUG ServerWorld:79 - Number of enemies : 15
2025-10-07 14:44:48 DEBUG ServerWorld:79 - Number of enemies : 15
2025-10-07 14:44:48 DEBUG ServerWorld:79 - Number of enemies : 15
2025-10-07 14:44:49 DEBUG ServerWorld:79 - Number of enemies : 15
2025-10-07 14:44:50 DEBUG ServerWorld:79 - Number of enemies : 15
2025-10-07 14:44:50 DEBUG ServerWorld:79 - Number of enemies : 15
2025-10-07 14:44:51 DEBUG ServerWorld:79 - Number of enemies : 15
2025-10-07 14:44:52 DEBUG ServerWorld:79 - Number of enemies : 15
2025-10-07 14:44:52 DEBUG ServerWorld:79 - Number of enemies : 15
2025-10-07 14:44:53 DEBUG ServerWorld:79 - Number of enemies : 15
2025-10-07 14:44:53 DEBUG ServerWorld:79 - Number of enemies : 15
2025-10-07 14:44:54 DEBUG ServerWorld:79 - Number of enemies : 15
2025-10-07 14:44:54 DEBUG ServerWorld:79 - Number of enemies : 15
2025-10-07 14:44:55 DEBUG ServerWorld:79 - Number of enemies : 15
2025-10-07 14:44:56 DEBUG ServerWorld:79 - Number of enemies : 15
2025-10-07 14:44:57 DEBUG ServerWorld:79 - Number of enemies : 15
2025-10-07 14:44:57 DEBUG ServerWorld:79 - Number of enemies : 15
2025-10-07 14:44:58 DEBUG ServerWorld:79 - Number of enemies : 15
2025-10-07 14:44:58 DEBUG ServerWorld:79 - Number of enemies : 15
2025-10-07 14:44:59 DEBUG ServerWorld:79 - Number of enemies : 15
2025-10-07 14:45:00 DEBUG ServerWorld:136 - Logout Message recieved from : 1 Size: 0
2025-10-07 16:07:38 DEBUG OServer:74 - Server has ben started on TCP_PORT: 1234 UDP_PORT: 1235
2025-10-07 16:07:38 DEBUG KillThemAllServer:28 - Server is up
2025-10-07 16:07:38 DEBUG ServerWorld:79 - Number of enemies : 0
2025-10-07 16:07:40 DEBUG ServerWorld:79 - Number of enemies : 5
2025-10-07 16:07:42 DEBUG ServerWorld:79 - Number of enemies : 10
2025-10-07 16:07:44 DEBUG ServerWorld:79 - Number of enemies : 15
2025-10-07 16:07:55 DEBUG ServerWorld:121 - Login Message recieved from : 1
2025-10-07 16:07:57 DEBUG ServerWorld:79 - Number of enemies : 15
2025-10-07 16:07:58 DEBUG ServerWorld:79 - Number of enemies : 15
2025-10-07 16:07:58 DEBUG ServerWorld:79 - Number of enemies : 15
2025-10-07 16:07:59 DEBUG ServerWorld:79 - Number of enemies : 15
2025-10-07 16:08:00 DEBUG ServerWorld:79 - Number of enemies : 15
2025-10-07 16:08:00 DEBUG ServerWorld:79 - Number of enemies : 15
2025-10-07 16:08:02 DEBUG ServerWorld:79 - Number of enemies : 15
2025-10-07 16:08:02 DEBUG ServerWorld:79 - Number of enemies : 15
2025-10-07 16:08:03 DEBUG ServerWorld:79 - Number of enemies : 15
2025-10-07 16:08:03 DEBUG ServerWorld:79 - Number of enemies : 15
2025-10-07 16:08:05 DEBUG ServerWorld:79 - Number of enemies : 15
2025-10-07 16:08:08 DEBUG ServerWorld:79 - Number of enemies : 15
2025-10-07 16:08:09 DEBUG ServerWorld:79 - Number of enemies : 15
2025-10-07 16:08:10 DEBUG ServerWorld:79 - Number of enemies : 15
2025-10-07 16:08:10 DEBUG ServerWorld:79 - Number of enemies : 15
2025-10-07 16:08:11 DEBUG ServerWorld:79 - Number of enemies : 15
2025-10-07 16:08:12 DEBUG ServerWorld:79 - Number of enemies : 15
2025-10-07 16:08:15 DEBUG ServerWorld:79 - Number of enemies : 15
2025-10-07 16:08:15 DEBUG ServerWorld:79 - Number of enemies : 15
2025-10-07 16:08:16 DEBUG ServerWorld:79 - Number of enemies : 15
2025-10-07 16:08:16 DEBUG ServerWorld:79 - Number of enemies : 15
2025-10-07 16:08:17 DEBUG ServerWorld:79 - Number of enemies : 15
2025-10-07 16:08:17 DEBUG ServerWorld:79 - Number of enemies : 15
2025-10-07 16:08:18 DEBUG ServerWorld:79 - Number of enemies : 15
2025-10-07 16:08:19 DEBUG ServerWorld:79 - Number of enemies : 15
2025-10-07 16:08:19 DEBUG ServerWorld:79 - Number of enemies : 15
2025-10-07 16:08:20 DEBUG ServerWorld:133 - Logout Message recieved from : 1 Size: 0
