2025-09-11 15:51:04 DEBUG ClientMain:23 - No arg has been passed. LOCALHOST ip.
2025-09-11 15:51:07 DEBUG OClient:43 - Attempting to connect args[0]: localhost
2025-09-11 15:51:25 DEBUG ClientMain:23 - No arg has been passed. LOCALHOST ip.
2025-09-11 15:51:27 DEBUG OClient:43 - Attempting to connect args[0]: localhost
2025-09-11 15:52:06 DEBUG OServer:78 - Server has ben started on TCP_PORT: 1234 UDP_PORT: 1235
2025-09-11 15:52:06 DEBUG KillThemAllServer:29 - Server is up
2025-09-11 15:52:06 DEBUG ServerWorld:84 - Number of enemies : 0
2025-09-11 15:52:08 DEBUG ServerWorld:84 - Number of enemies : 5
2025-09-11 15:52:10 DEBUG ServerWorld:84 - Number of enemies : 10
2025-09-11 15:52:12 DEBUG ServerWorld:84 - Number of enemies : 15
2025-09-11 15:52:18 DEBUG ClientMain:23 - No arg has been passed. LOCALHOST ip.
2025-09-11 15:52:19 DEBUG OClient:43 - Attempting to connect args[0]: localhost
2025-09-11 15:52:44 DEBUG ServerWorld:125 - Login Message recieved from : 1
2025-09-11 15:56:59 DEBUG ClientMain:23 - No arg has been passed. LOCALHOST ip.
2025-09-11 15:57:00 DEBUG OClient:43 - Attempting to connect args[0]: localhost
2025-09-11 15:57:06 DEBUG ServerWorld:125 - Login Message recieved from : 2
2025-09-11 15:57:20 DEBUG ClientMain:23 - No arg has been passed. LOCALHOST ip.
2025-09-11 15:57:22 DEBUG OClient:43 - Attempting to connect args[0]: localhost
2025-09-11 15:57:45 DEBUG ServerWorld:125 - Login Message recieved from : 3
2025-09-11 15:57:45 DEBUG ServerWorld:137 - Logout Message recieved from : 3 Size: 2
2025-09-11 15:57:56 DEBUG ClientMain:23 - No arg has been passed. LOCALHOST ip.
2025-09-11 15:57:57 DEBUG OClient:43 - Attempting to connect args[0]: localhost
2025-09-11 15:58:27 DEBUG ServerWorld:125 - Login Message recieved from : 4
2025-09-11 15:58:47 DEBUG ClientMain:23 - No arg has been passed. LOCALHOST ip.
2025-09-11 15:58:48 DEBUG OClient:43 - Attempting to connect args[0]: localhost
2025-09-11 15:58:48 DEBUG ServerWorld:125 - Login Message recieved from : 5
2025-09-11 15:58:56 DEBUG ClientMain:23 - No arg has been passed. LOCALHOST ip.
2025-09-11 15:58:57 DEBUG OClient:43 - Attempting to connect args[0]: localhost
2025-09-11 15:59:05 DEBUG ServerWorld:125 - Login Message recieved from : 6
2025-09-11 16:01:38 DEBUG ClientMain:23 - No arg has been passed. LOCALHOST ip.
2025-09-11 16:01:47 DEBUG OClient:43 - Attempting to connect args[0]: localhost
2025-09-11 16:01:55 DEBUG ServerWorld:125 - Login Message recieved from : 7
2025-09-11 16:10:31 DEBUG ServerWorld:137 - Logout Message recieved from : 7 Size: 5
2025-09-11 16:10:33 DEBUG ServerWorld:137 - Logout Message recieved from : 6 Size: 4
2025-09-11 16:36:16 DEBUG OServer:78 - Server has ben started on TCP_PORT: 1234 UDP_PORT: 1235
2025-09-11 16:36:16 DEBUG KillThemAllServer:29 - Server is up
2025-09-11 16:36:17 DEBUG ServerWorld:84 - Number of enemies : 0
2025-09-11 16:36:19 DEBUG ServerWorld:84 - Number of enemies : 5
2025-09-11 16:36:20 DEBUG ClientMain:23 - No arg has been passed. LOCALHOST ip.
2025-09-11 16:36:21 DEBUG ServerWorld:84 - Number of enemies : 10
2025-09-11 16:36:22 DEBUG OClient:43 - Attempting to connect args[0]: localhost
2025-09-11 16:36:23 DEBUG ServerWorld:84 - Number of enemies : 15
2025-09-11 16:36:26 DEBUG ServerWorld:125 - Login Message recieved from : 1
2025-09-11 16:36:37 DEBUG ServerWorld:84 - Number of enemies : 15
2025-09-11 16:36:41 DEBUG ServerWorld:84 - Number of enemies : 15
2025-09-11 16:36:42 DEBUG ServerWorld:84 - Number of enemies : 15
2025-09-11 16:36:42 DEBUG ServerWorld:84 - Number of enemies : 15
2025-09-11 16:36:43 DEBUG ServerWorld:84 - Number of enemies : 15
2025-09-11 16:36:44 DEBUG ServerWorld:84 - Number of enemies : 15
2025-09-11 16:36:45 DEBUG ServerWorld:84 - Number of enemies : 15
2025-09-11 16:36:46 DEBUG ServerWorld:84 - Number of enemies : 15
2025-09-11 16:36:46 DEBUG ServerWorld:84 - Number of enemies : 15
2025-09-11 16:36:47 DEBUG ServerWorld:84 - Number of enemies : 15
2025-09-11 16:36:48 DEBUG ServerWorld:84 - Number of enemies : 15
2025-09-11 16:36:49 DEBUG ServerWorld:84 - Number of enemies : 15
2025-09-11 16:36:49 DEBUG ServerWorld:84 - Number of enemies : 15
2025-09-11 16:36:50 DEBUG ServerWorld:84 - Number of enemies : 15
2025-09-11 16:36:50 DEBUG ServerWorld:84 - Number of enemies : 15
2025-09-11 16:36:51 DEBUG ServerWorld:84 - Number of enemies : 15
2025-09-11 16:36:53 DEBUG ServerWorld:84 - Number of enemies : 15
2025-09-11 16:36:53 DEBUG ServerWorld:84 - Number of enemies : 15
2025-09-11 16:36:54 DEBUG ServerWorld:84 - Number of enemies : 15
2025-09-11 16:36:55 DEBUG ServerWorld:84 - Number of enemies : 15
2025-09-11 16:36:55 DEBUG ServerWorld:84 - Number of enemies : 15
2025-09-11 16:36:56 DEBUG ServerWorld:84 - Number of enemies : 15
2025-09-11 16:36:58 DEBUG ServerWorld:84 - Number of enemies : 15
2025-09-11 16:37:00 DEBUG ServerWorld:84 - Number of enemies : 15
2025-09-11 16:37:01 DEBUG ServerWorld:84 - Number of enemies : 15
2025-09-11 16:37:02 DEBUG ServerWorld:84 - Number of enemies : 15
2025-09-11 16:37:05 DEBUG ServerWorld:84 - Number of enemies : 15
2025-09-11 16:37:06 DEBUG ServerWorld:84 - Number of enemies : 15
2025-09-11 16:37:08 DEBUG ServerWorld:84 - Number of enemies : 15
2025-09-11 16:37:10 DEBUG ServerWorld:84 - Number of enemies : 15
2025-09-11 16:37:12 DEBUG ServerWorld:84 - Number of enemies : 15
2025-09-11 16:37:13 DEBUG ServerWorld:84 - Number of enemies : 15
2025-09-11 16:37:16 DEBUG ServerWorld:84 - Number of enemies : 15
2025-09-11 16:37:18 DEBUG ServerWorld:84 - Number of enemies : 15
2025-09-11 16:37:19 DEBUG ServerWorld:84 - Number of enemies : 15
2025-09-11 16:41:04 DEBUG ServerWorld:137 - Logout Message recieved from : 1 Size: 0
2025-09-11 16:41:07 DEBUG ClientMain:23 - No arg has been passed. LOCALHOST ip.
2025-09-11 16:41:09 DEBUG OClient:43 - Attempting to connect args[0]: localhost
2025-09-11 16:41:33 DEBUG ServerWorld:125 - Login Message recieved from : 2
2025-09-11 16:41:42 DEBUG ServerWorld:84 - Number of enemies : 15
2025-09-11 16:41:43 DEBUG ServerWorld:84 - Number of enemies : 15
2025-09-11 16:41:44 DEBUG ServerWorld:84 - Number of enemies : 15
2025-09-11 16:41:44 DEBUG ServerWorld:84 - Number of enemies : 15
2025-09-11 16:41:45 DEBUG ServerWorld:84 - Number of enemies : 15
2025-09-11 16:41:45 DEBUG ServerWorld:84 - Number of enemies : 15
2025-09-11 16:41:46 DEBUG ServerWorld:84 - Number of enemies : 15
2025-09-11 16:41:48 DEBUG ServerWorld:84 - Number of enemies : 15
2025-09-11 16:41:49 DEBUG ServerWorld:84 - Number of enemies : 15
2025-09-11 16:41:50 DEBUG ServerWorld:84 - Number of enemies : 15
2025-09-11 16:41:51 DEBUG ServerWorld:84 - Number of enemies : 15
2025-09-11 16:41:52 DEBUG ServerWorld:84 - Number of enemies : 15
2025-09-11 16:41:52 DEBUG ServerWorld:84 - Number of enemies : 15
2025-09-11 16:41:53 DEBUG ServerWorld:84 - Number of enemies : 15
2025-09-11 16:41:54 DEBUG ServerWorld:84 - Number of enemies : 15
2025-09-11 16:41:54 DEBUG ServerWorld:84 - Number of enemies : 15
2025-09-11 16:41:55 DEBUG ServerWorld:84 - Number of enemies : 15
2025-09-11 16:41:56 DEBUG ServerWorld:84 - Number of enemies : 15
2025-09-11 16:41:56 DEBUG ServerWorld:84 - Number of enemies : 15
2025-09-11 16:41:59 DEBUG ServerWorld:84 - Number of enemies : 15
2025-09-11 16:42:00 DEBUG ServerWorld:84 - Number of enemies : 15
2025-09-11 16:42:01 DEBUG ServerWorld:84 - Number of enemies : 15
2025-09-11 16:42:02 DEBUG ServerWorld:84 - Number of enemies : 15
2025-09-11 16:42:11 DEBUG ServerWorld:84 - Number of enemies : 15
2025-09-11 16:42:12 DEBUG ServerWorld:84 - Number of enemies : 15
2025-09-11 16:42:14 DEBUG ServerWorld:84 - Number of enemies : 15
2025-09-11 16:42:14 DEBUG ServerWorld:84 - Number of enemies : 15
2025-09-11 16:42:15 DEBUG ServerWorld:84 - Number of enemies : 15
2025-09-11 16:42:16 DEBUG ServerWorld:84 - Number of enemies : 15
2025-09-11 16:42:18 DEBUG ServerWorld:137 - Logout Message recieved from : 2 Size: 0
2025-09-11 16:43:03 DEBUG ClientMain:23 - No arg has been passed. LOCALHOST ip.
2025-09-11 16:43:05 DEBUG OClient:43 - Attempting to connect args[0]: localhost
2025-09-11 16:43:59 DEBUG ServerWorld:125 - Login Message recieved from : 3
2025-09-11 16:44:38 DEBUG ServerWorld:84 - Number of enemies : 15
2025-09-11 16:44:38 DEBUG ServerWorld:84 - Number of enemies : 15
2025-09-11 16:44:39 DEBUG ServerWorld:84 - Number of enemies : 15
2025-09-11 16:44:42 DEBUG ServerWorld:84 - Number of enemies : 15
2025-09-11 16:44:44 DEBUG ServerWorld:84 - Number of enemies : 15
2025-09-11 16:44:44 DEBUG ServerWorld:84 - Number of enemies : 15
2025-09-11 16:44:44 DEBUG ServerWorld:84 - Number of enemies : 15
2025-09-11 16:44:45 DEBUG ServerWorld:84 - Number of enemies : 15
2025-09-11 16:44:46 DEBUG ServerWorld:84 - Number of enemies : 15
2025-09-11 16:44:47 DEBUG ServerWorld:137 - Logout Message recieved from : 3 Size: 0
2025-09-11 16:49:01 DEBUG ClientMain:23 - No arg has been passed. LOCALHOST ip.
2025-09-11 16:49:04 DEBUG OClient:43 - Attempting to connect args[0]: localhost
2025-09-11 16:49:04 DEBUG ServerWorld:125 - Login Message recieved from : 4
2025-09-11 16:49:06 DEBUG ServerWorld:84 - Number of enemies : 15
2025-09-11 16:49:08 DEBUG ServerWorld:84 - Number of enemies : 15
2025-09-11 16:49:09 DEBUG ServerWorld:84 - Number of enemies : 15
2025-09-11 16:49:21 DEBUG ClientMain:23 - No arg has been passed. LOCALHOST ip.
2025-09-11 16:49:21 DEBUG ServerWorld:84 - Number of enemies : 15
2025-09-11 16:49:23 DEBUG OClient:43 - Attempting to connect args[0]: localhost
2025-09-11 16:49:27 DEBUG ServerWorld:125 - Login Message recieved from : 5
2025-09-11 16:49:33 DEBUG ServerWorld:137 - Logout Message recieved from : 4 Size: 1
2025-09-11 16:49:35 DEBUG OClient:43 - Attempting to connect args[0]: localhost
2025-09-11 16:49:45 DEBUG ServerWorld:84 - Number of enemies : 15
2025-09-11 16:49:46 DEBUG ServerWorld:125 - Login Message recieved from : 6
2025-09-11 16:50:02 DEBUG ServerWorld:84 - Number of enemies : 15
2025-09-11 16:50:04 DEBUG ServerWorld:84 - Number of enemies : 15
2025-09-11 16:50:05 DEBUG ServerWorld:84 - Number of enemies : 15
2025-09-11 16:50:05 DEBUG ServerWorld:84 - Number of enemies : 15
2025-09-11 16:50:07 DEBUG ServerWorld:84 - Number of enemies : 15
2025-09-11 16:50:10 DEBUG ServerWorld:84 - Number of enemies : 15
2025-09-11 16:50:12 DEBUG ServerWorld:84 - Number of enemies : 15
2025-09-11 16:50:12 DEBUG ServerWorld:84 - Number of enemies : 15
2025-09-11 16:50:13 DEBUG ServerWorld:84 - Number of enemies : 15
2025-09-11 16:50:14 DEBUG ServerWorld:84 - Number of enemies : 15
2025-09-11 16:50:15 DEBUG ServerWorld:84 - Number of enemies : 15
2025-09-11 16:50:21 DEBUG ServerWorld:137 - Logout Message recieved from : 6 Size: 1
2025-09-11 16:50:22 DEBUG ServerWorld:137 - Logout Message recieved from : 5 Size: 0
2025-09-11 16:51:27 DEBUG ClientMain:23 - No arg has been passed. LOCALHOST ip.
2025-09-11 16:51:29 DEBUG OClient:43 - Attempting to connect args[0]: localhost
2025-09-11 16:51:37 DEBUG ServerWorld:125 - Login Message recieved from : 7
2025-09-11 16:57:58 DEBUG ClientMain:23 - No arg has been passed. LOCALHOST ip.
2025-09-11 16:58:00 DEBUG OClient:43 - Attempting to connect args[0]: localhost
2025-09-11 16:58:42 DEBUG ServerWorld:125 - Login Message recieved from : 8
2025-09-11 16:59:24 DEBUG ServerWorld:137 - Logout Message recieved from : 8 Size: 1
2025-09-11 16:59:37 DEBUG ClientMain:23 - No arg has been passed. LOCALHOST ip.
2025-09-11 16:59:40 DEBUG OClient:43 - Attempting to connect args[0]: localhost
2025-09-11 17:01:23 DEBUG ServerWorld:125 - Login Message recieved from : 9
2025-09-11 17:01:31 DEBUG ServerWorld:137 - Logout Message recieved from : 9 Size: 1
2025-09-11 17:01:31 DEBUG ServerWorld:137 - Logout Message recieved from : 7 Size: 0
2025-09-11 17:01:42 DEBUG ClientMain:23 - No arg has been passed. LOCALHOST ip.
2025-09-11 17:01:52 DEBUG OClient:43 - Attempting to connect args[0]: localhost
2025-09-11 17:01:52 DEBUG ServerWorld:125 - Login Message recieved from : 10
2025-09-11 17:01:55 DEBUG ServerWorld:137 - Logout Message recieved from : 10 Size: 0
2025-09-11 17:02:06 DEBUG ClientMain:23 - No arg has been passed. LOCALHOST ip.
2025-09-11 17:02:08 DEBUG OClient:43 - Attempting to connect args[0]: localhost
2025-09-11 17:04:02 DEBUG ClientMain:23 - No arg has been passed. LOCALHOST ip.
2025-09-11 17:04:05 DEBUG OClient:43 - Attempting to connect args[0]: localhost
2025-09-11 17:04:32 DEBUG ClientMain:23 - No arg has been passed. LOCALHOST ip.
2025-09-11 17:04:34 DEBUG OClient:43 - Attempting to connect args[0]: localhost
2025-09-11 17:05:07 DEBUG ServerWorld:125 - Login Message recieved from : 11
2025-09-11 17:45:57 DEBUG ClientMain:23 - No arg has been passed. LOCALHOST ip.
2025-09-11 17:45:59 DEBUG OClient:43 - Attempting to connect args[0]: localhost
2025-09-11 17:45:59 DEBUG ServerWorld:125 - Login Message recieved from : 12
2025-09-11 17:46:05 DEBUG ServerWorld:84 - Number of enemies : 15
2025-09-11 17:46:06 DEBUG ServerWorld:84 - Number of enemies : 15
2025-09-11 17:46:07 DEBUG ServerWorld:84 - Number of enemies : 15
2025-09-11 17:46:08 DEBUG ServerWorld:137 - Logout Message recieved from : 11 Size: 1
2025-09-11 17:46:08 DEBUG ServerWorld:84 - Number of enemies : 15
2025-09-11 17:46:09 DEBUG ServerWorld:84 - Number of enemies : 15
2025-09-11 17:46:17 DEBUG OClient:43 - Attempting to connect args[0]: localhost
2025-09-11 17:46:19 DEBUG ServerWorld:125 - Login Message recieved from : 13
2025-09-11 17:46:22 DEBUG ServerWorld:84 - Number of enemies : 15
2025-09-11 17:46:29 DEBUG ServerWorld:84 - Number of enemies : 15
2025-09-11 17:46:30 DEBUG ServerWorld:84 - Number of enemies : 15
2025-09-11 17:46:31 DEBUG ServerWorld:84 - Number of enemies : 15
2025-09-11 17:46:34 DEBUG ServerWorld:84 - Number of enemies : 15
2025-09-11 17:46:35 DEBUG ServerWorld:84 - Number of enemies : 15
2025-09-11 17:46:36 DEBUG ServerWorld:84 - Number of enemies : 15
2025-09-11 17:46:37 DEBUG ServerWorld:137 - Logout Message recieved from : 13 Size: 1
2025-09-11 17:46:38 DEBUG ServerWorld:84 - Number of enemies : 15
2025-09-11 17:46:56 DEBUG OClient:43 - Attempting to connect args[0]: localhost
2025-09-11 17:46:58 DEBUG ServerWorld:125 - Login Message recieved from : 14
2025-09-11 17:47:03 DEBUG ServerWorld:137 - Logout Message recieved from : 14 Size: 1
2025-09-11 17:47:06 DEBUG ServerWorld:137 - Logout Message recieved from : 12 Size: 0
2025-09-11 17:47:20 DEBUG ClientMain:23 - No arg has been passed. LOCALHOST ip.
2025-09-11 17:47:28 DEBUG OClient:43 - Attempting to connect args[0]: localhost
2025-09-11 17:47:47 DEBUG ClientMain:23 - No arg has been passed. LOCALHOST ip.
2025-09-11 17:49:03 DEBUG OClient:43 - Attempting to connect args[0]: localhost
2025-09-11 17:49:05 DEBUG ServerWorld:125 - Login Message recieved from : 15
2025-09-11 17:49:25 DEBUG ClientMain:23 - No arg has been passed. LOCALHOST ip.
2025-09-11 17:59:47 DEBUG OClient:43 - Attempting to connect args[0]: localhost
2025-09-11 17:59:55 DEBUG ServerWorld:125 - Login Message recieved from : 16
2025-09-11 18:00:32 DEBUG ServerWorld:137 - Logout Message recieved from : 16 Size: 1
2025-09-11 18:01:04 DEBUG ClientMain:23 - No arg has been passed. LOCALHOST ip.
2025-09-11 18:03:21 DEBUG OClient:43 - Attempting to connect args[0]: localhost
2025-09-11 18:03:35 DEBUG ServerWorld:125 - Login Message recieved from : 17
2025-09-11 18:05:30 DEBUG ClientMain:23 - No arg has been passed. LOCALHOST ip.
2025-09-11 18:05:32 DEBUG OClient:43 - Attempting to connect args[0]: localhost
2025-09-11 18:05:35 DEBUG ServerWorld:125 - Login Message recieved from : 18
2025-09-11 18:05:41 DEBUG ServerWorld:84 - Number of enemies : 15
2025-09-11 18:05:50 DEBUG ServerWorld:84 - Number of enemies : 15
2025-09-11 18:05:50 DEBUG ServerWorld:84 - Number of enemies : 15
2025-09-11 18:05:52 DEBUG ServerWorld:84 - Number of enemies : 15
2025-09-11 18:05:52 DEBUG ServerWorld:84 - Number of enemies : 15
2025-09-11 18:05:53 DEBUG ServerWorld:84 - Number of enemies : 15
2025-09-11 18:05:54 DEBUG ServerWorld:84 - Number of enemies : 15
2025-09-11 18:05:55 DEBUG ServerWorld:84 - Number of enemies : 15
2025-09-11 18:05:56 DEBUG ServerWorld:84 - Number of enemies : 15
2025-09-11 18:05:57 DEBUG ServerWorld:84 - Number of enemies : 15
2025-09-11 18:05:59 DEBUG ServerWorld:84 - Number of enemies : 15
2025-09-11 18:06:01 DEBUG ServerWorld:84 - Number of enemies : 15
2025-09-11 18:18:41 DEBUG ServerWorld:137 - Logout Message recieved from : 18 Size: 1
2025-09-11 18:26:10 DEBUG ClientMain:23 - No arg has been passed. LOCALHOST ip.
2025-09-11 18:26:12 DEBUG OClient:43 - Attempting to connect args[0]: localhost
2025-09-11 18:26:44 DEBUG ServerWorld:125 - Login Message recieved from : 19
2025-09-11 18:33:33 DEBUG ClientMain:23 - No arg has been passed. LOCALHOST ip.
2025-09-11 18:33:35 DEBUG OClient:44 - Attempting to connect to: localhost
2025-09-11 18:33:59 DEBUG ClientMain:23 - No arg has been passed. LOCALHOST ip.
2025-09-11 18:34:01 DEBUG OClient:44 - Attempting to connect to: localhost
2025-09-11 18:34:14 DEBUG ClientMain:23 - No arg has been passed. LOCALHOST ip.
2025-09-11 18:34:17 DEBUG OClient:44 - Attempting to connect to: localhost
2025-09-11 18:34:33 DEBUG ClientMain:23 - No arg has been passed. LOCALHOST ip.
2025-09-11 18:34:35 DEBUG OClient:44 - Attempting to connect to: localhost
2025-09-11 18:34:35 ERROR OClient:48 - Connection failed
java.io.IOException: Unable to connect to: localhost/127.0.0.1:1234
	at com.esotericsoftware.kryonet.TcpConnection.connect(TcpConnection.java:125)
	at com.esotericsoftware.kryonet.Client.connect(Client.java:244)
	at com.javakaian.network.OClient.lambda$connect$0(OClient.java:46)
	at java.base/java.lang.Thread.run(Thread.java:1570)
Caused by: java.net.ConnectException: Connection refused
	at java.base/sun.nio.ch.Net.pollConnect(Native Method)
	at java.base/sun.nio.ch.Net.pollConnectNow(Net.java:682)
	at java.base/sun.nio.ch.SocketChannelImpl.finishTimedConnect(SocketChannelImpl.java:1278)
	at java.base/sun.nio.ch.SocketChannelImpl.blockingConnect(SocketChannelImpl.java:1320)
	at java.base/sun.nio.ch.SocketAdaptor.connect(SocketAdaptor.java:102)
	at com.esotericsoftware.kryonet.TcpConnection.connect(TcpConnection.java:107)
	... 3 more
2025-09-11 18:34:40 DEBUG OServer:78 - Server has ben started on TCP_PORT: 1234 UDP_PORT: 1235
2025-09-11 18:34:40 DEBUG KillThemAllServer:29 - Server is up
2025-09-11 18:34:41 DEBUG ServerWorld:84 - Number of enemies : 0
2025-09-11 18:34:43 DEBUG ServerWorld:84 - Number of enemies : 5
2025-09-11 18:34:45 DEBUG ServerWorld:84 - Number of enemies : 10
2025-09-11 18:34:47 DEBUG ServerWorld:84 - Number of enemies : 15
2025-09-11 18:35:19 DEBUG ClientMain:23 - No arg has been passed. LOCALHOST ip.
2025-09-11 18:35:21 DEBUG OClient:43 - Attempting to connect to: localhost
2025-09-11 18:35:27 DEBUG ClientMain:23 - No arg has been passed. LOCALHOST ip.
2025-09-11 18:35:29 DEBUG OClient:43 - Attempting to connect args[0]: localhost
2025-09-11 18:35:50 DEBUG ServerWorld:125 - Login Message recieved from : 1
2025-09-11 18:36:02 DEBUG ClientMain:23 - No arg has been passed. LOCALHOST ip.
2025-09-11 18:36:04 DEBUG OClient:43 - Attempting to connect args[0]: localhost
2025-09-11 18:36:33 DEBUG ClientMain:23 - No arg has been passed. LOCALHOST ip.
2025-09-11 18:36:35 DEBUG OClient:43 - Attempting to connect args[0]: localhost
2025-09-11 18:37:08 DEBUG ClientMain:23 - No arg has been passed. LOCALHOST ip.
2025-09-11 18:37:10 DEBUG OClient:43 - Attempting to connect to: localhost
2025-09-18 13:29:19 DEBUG ClientMain:23 - No arg has been passed. LOCALHOST ip.
2025-09-18 13:29:43 DEBUG OServer:78 - Server has ben started on TCP_PORT: 1234 UDP_PORT: 1235
2025-09-18 13:29:43 DEBUG KillThemAllServer:29 - Server is up
2025-09-18 13:29:44 DEBUG ServerWorld:84 - Number of enemies : 0
2025-09-18 13:29:46 DEBUG ServerWorld:84 - Number of enemies : 5
2025-09-18 13:29:48 DEBUG ServerWorld:84 - Number of enemies : 10
2025-09-18 13:29:50 DEBUG ServerWorld:84 - Number of enemies : 15
2025-09-18 13:29:50 DEBUG ClientMain:23 - No arg has been passed. LOCALHOST ip.
2025-09-18 13:29:56 DEBUG OClient:43 - Attempting to connect to: localhost
2025-09-18 13:30:13 DEBUG ClientMain:23 - No arg has been passed. LOCALHOST ip.
2025-09-18 13:30:15 DEBUG OClient:43 - Attempting to connect to: localhost
2025-09-18 13:30:54 DEBUG ClientMain:23 - No arg has been passed. LOCALHOST ip.
2025-09-18 13:31:09 DEBUG OClient:43 - Attempting to connect to: localhost
2025-09-18 13:31:40 DEBUG ClientMain:23 - No arg has been passed. LOCALHOST ip.
2025-09-18 13:31:42 DEBUG OClient:43 - Attempting to connect to: localhost
2025-09-18 13:31:51 DEBUG ClientMain:23 - No arg has been passed. LOCALHOST ip.
2025-09-18 13:31:52 DEBUG OClient:43 - Attempting to connect to: localhost
2025-09-18 13:32:09 DEBUG ClientMain:23 - No arg has been passed. LOCALHOST ip.
2025-09-18 13:32:11 DEBUG OClient:43 - Attempting to connect to: localhost
2025-09-18 13:33:08 DEBUG ClientMain:23 - No arg has been passed. LOCALHOST ip.
2025-09-18 13:33:09 DEBUG OClient:43 - Attempting to connect to: localhost
2025-09-18 13:36:06 DEBUG ClientMain:22 - No arg has been passed. LOCALHOST ip.
2025-09-18 13:36:09 DEBUG OClient:37 - Attempting to connect args[0]: localhost
2025-09-18 13:36:43 DEBUG ClientMain:22 - No arg has been passed. LOCALHOST ip.
2025-09-18 13:36:45 DEBUG OClient:37 - Attempting to connect args[0]: localhost
2025-09-18 13:37:02 DEBUG ClientMain:22 - No arg has been passed. LOCALHOST ip.
2025-09-18 13:37:13 DEBUG ClientMain:22 - No arg has been passed. LOCALHOST ip.
2025-09-18 13:39:35 DEBUG ClientMain:22 - No arg has been passed. LOCALHOST ip.
2025-09-18 13:39:55 DEBUG OClient:37 - Attempting to connect args[0]: localhost
2025-09-18 13:40:26 DEBUG ClientMain:22 - No arg has been passed. LOCALHOST ip.
2025-09-18 13:40:28 DEBUG OClient:37 - Attempting to connect args[0]: localhost
2025-09-18 13:41:24 DEBUG OClient:37 - Attempting to connect args[0]: localhost
2025-09-18 13:42:53 DEBUG OClient:37 - Attempting to connect args[0]: localhost
2025-09-18 15:41:46 DEBUG ClientMain:22 - No arg has been passed. LOCALHOST ip.
2025-09-18 15:41:49 DEBUG OClient:37 - Attempting to connect args[0]: localhost
2025-09-18 15:41:59 DEBUG ClientMain:22 - No arg has been passed. LOCALHOST ip.
2025-09-18 15:42:01 DEBUG OClient:37 - Attempting to connect args[0]: localhost
2025-09-18 15:49:31 DEBUG ClientMain:22 - No arg has been passed. LOCALHOST ip.
2025-09-18 15:49:33 DEBUG OClient:37 - Attempting to connect args[0]: localhost
2025-10-06 18:37:59 DEBUG ClientMain:22 - No arg has been passed. LOCALHOST ip.
2025-10-06 20:51:26 DEBUG OClient:37 - Attempting to connect args[0]: localhost
2025-10-06 23:18:01 DEBUG ClientMain:22 - No arg has been passed. LOCALHOST ip.
2025-10-06 23:18:03 DEBUG OClient:37 - Attempting to connect args[0]: localhost
2025-10-06 23:18:19 DEBUG ClientMain:22 - No arg has been passed. LOCALHOST ip.
2025-10-06 23:18:21 DEBUG OClient:37 - Attempting to connect args[0]: localhost
2025-10-06 23:19:31 DEBUG ClientMain:22 - No arg has been passed. LOCALHOST ip.
2025-10-06 23:19:33 DEBUG OClient:37 - Attempting to connect args[0]: localhost
2025-10-06 23:52:36 DEBUG ClientMain:22 - No arg has been passed. LOCALHOST ip.
2025-10-06 23:52:53 DEBUG ClientMain:22 - No arg has been passed. LOCALHOST ip.
2025-10-06 23:53:19 DEBUG ClientMain:22 - No arg has been passed. LOCALHOST ip.
2025-10-06 23:53:27 DEBUG OClient:37 - Attempting to connect args[0]: localhost
2025-10-07 12:07:24 DEBUG ClientMain:23 - No arg has been passed. LOCALHOST ip.
2025-10-07 12:09:17 DEBUG ClientMain:23 - No arg has been passed. LOCALHOST ip.
2025-10-07 12:12:17 DEBUG ClientMain:23 - No arg has been passed. LOCALHOST ip.
2025-10-07 12:12:19 DEBUG OClient:37 - Attempting to connect args[0]: localhost
2025-10-07 12:15:22 DEBUG ClientMain:23 - No arg has been passed. LOCALHOST ip.
2025-10-07 12:15:24 DEBUG OClient:37 - Attempting to connect args[0]: localhost
2025-10-07 12:22:23 DEBUG ClientMain:23 - No arg has been passed. LOCALHOST ip.
2025-10-07 12:22:26 DEBUG OClient:37 - Attempting to connect args[0]: localhost
2025-10-07 17:24:45 DEBUG ClientMain:23 - No arg has been passed. LOCALHOST ip.
2025-10-07 17:25:10 DEBUG ClientMain:23 - No arg has been passed. LOCALHOST ip.
2025-10-07 17:25:20 DEBUG ClientMain:23 - No arg has been passed. LOCALHOST ip.
2025-10-07 17:27:05 DEBUG ClientMain:23 - No arg has been passed. LOCALHOST ip.
2025-10-07 17:27:11 DEBUG ClientMain:23 - No arg has been passed. LOCALHOST ip.
2025-10-07 17:27:22 DEBUG ClientMain:23 - No arg has been passed. LOCALHOST ip.
2025-10-07 17:28:19 DEBUG ClientMain:23 - No arg has been passed. LOCALHOST ip.
2025-10-07 17:30:58 DEBUG ClientMain:23 - No arg has been passed. LOCALHOST ip.
2025-10-07 17:31:00 DEBUG OClient:37 - Attempting to connect args[0]: localhost
2025-10-07 22:47:54 DEBUG ClientMain:23 - No arg has been passed. LOCALHOST ip.
2025-10-07 22:47:56 DEBUG OClient:37 - Attempting to connect args[0]: localhost
2025-10-07 22:48:48 DEBUG ClientMain:23 - No arg has been passed. LOCALHOST ip.
2025-10-07 22:48:51 DEBUG OClient:37 - Attempting to connect args[0]: localhost
2025-10-07 22:49:12 DEBUG ClientMain:23 - No arg has been passed. LOCALHOST ip.
2025-10-07 22:49:15 DEBUG OClient:37 - Attempting to connect args[0]: localhost
2025-10-08 10:48:09 DEBUG ClientMain:23 - No arg has been passed. LOCALHOST ip.
2025-10-08 10:48:12 DEBUG OClient:37 - Attempting to connect args[0]: localhost
2025-10-08 10:48:32 DEBUG ClientMain:23 - No arg has been passed. LOCALHOST ip.
2025-10-08 10:48:34 DEBUG OClient:37 - Attempting to connect args[0]: localhost
2025-10-08 10:48:47 DEBUG ClientMain:23 - No arg has been passed. LOCALHOST ip.
2025-10-08 10:48:48 DEBUG OClient:37 - Attempting to connect args[0]: localhost
2025-10-08 10:50:49 DEBUG ClientMain:23 - No arg has been passed. LOCALHOST ip.
2025-10-08 10:50:50 DEBUG OClient:37 - Attempting to connect args[0]: localhost
2025-10-08 10:54:24 DEBUG ClientMain:23 - No arg has been passed. LOCALHOST ip.
2025-10-08 10:54:26 DEBUG OClient:37 - Attempting to connect args[0]: localhost
2025-10-08 10:56:34 DEBUG ClientMain:23 - No arg has been passed. LOCALHOST ip.
2025-10-08 10:56:37 DEBUG ClientMain:23 - No arg has been passed. LOCALHOST ip.
2025-10-08 10:56:40 DEBUG OClient:37 - Attempting to connect args[0]: localhost
2025-10-08 11:00:26 DEBUG ClientMain:23 - No arg has been passed. LOCALHOST ip.
2025-10-08 11:00:28 DEBUG OClient:37 - Attempting to connect args[0]: localhost
2025-10-08 11:01:19 DEBUG ClientMain:23 - No arg has been passed. LOCALHOST ip.
2025-10-08 11:01:21 DEBUG OClient:37 - Attempting to connect args[0]: localhost
2025-10-08 11:01:58 DEBUG ClientMain:23 - No arg has been passed. LOCALHOST ip.
2025-10-08 11:01:59 DEBUG OClient:37 - Attempting to connect args[0]: localhost
2025-10-08 11:02:18 DEBUG ClientMain:23 - No arg has been passed. LOCALHOST ip.
2025-10-08 11:02:21 DEBUG OClient:37 - Attempting to connect args[0]: localhost
2025-10-08 11:03:27 DEBUG ClientMain:23 - No arg has been passed. LOCALHOST ip.
2025-10-08 11:03:29 DEBUG OClient:37 - Attempting to connect args[0]: localhost
2025-10-08 11:07:25 DEBUG ClientMain:23 - No arg has been passed. LOCALHOST ip.
2025-10-08 11:07:26 DEBUG OClient:37 - Attempting to connect args[0]: localhost
2025-10-08 11:16:02 DEBUG ClientMain:23 - No arg has been passed. LOCALHOST ip.
2025-10-08 11:17:49 DEBUG ClientMain:23 - No arg has been passed. LOCALHOST ip.
2025-10-08 11:18:19 DEBUG ClientMain:23 - No arg has been passed. LOCALHOST ip.
2025-10-08 11:18:20 DEBUG OClient:37 - Attempting to connect args[0]: localhost
2025-10-08 11:20:44 DEBUG ClientMain:23 - No arg has been passed. LOCALHOST ip.
2025-10-08 11:20:46 DEBUG OClient:37 - Attempting to connect args[0]: localhost
2025-10-08 11:21:46 DEBUG ClientMain:23 - No arg has been passed. LOCALHOST ip.
2025-10-08 11:21:47 DEBUG OClient:37 - Attempting to connect args[0]: localhost
2025-10-08 11:45:42 DEBUG ClientMain:23 - No arg has been passed. LOCALHOST ip.
2025-10-08 11:45:44 DEBUG OClient:37 - Attempting to connect args[0]: localhost
2025-10-08 11:46:50 DEBUG ClientMain:23 - No arg has been passed. LOCALHOST ip.
2025-10-08 11:46:52 DEBUG OClient:37 - Attempting to connect args[0]: localhost
2025-10-08 11:50:46 DEBUG ClientMain:23 - No arg has been passed. LOCALHOST ip.
2025-10-08 11:50:47 DEBUG OClient:37 - Attempting to connect args[0]: localhost
2025-10-08 11:51:28 DEBUG ClientMain:23 - No arg has been passed. LOCALHOST ip.
2025-10-08 11:51:29 DEBUG OClient:37 - Attempting to connect args[0]: localhost
2025-10-08 11:52:15 DEBUG ClientMain:23 - No arg has been passed. LOCALHOST ip.
2025-10-08 11:52:17 DEBUG OClient:37 - Attempting to connect args[0]: localhost
2025-10-08 11:53:03 DEBUG ClientMain:23 - No arg has been passed. LOCALHOST ip.
2025-10-08 11:53:09 DEBUG OClient:37 - Attempting to connect args[0]: localhost
2025-10-08 11:56:58 DEBUG ClientMain:23 - No arg has been passed. LOCALHOST ip.
2025-10-08 11:57:00 DEBUG OClient:37 - Attempting to connect args[0]: localhost
2025-10-08 12:08:58 DEBUG ClientMain:23 - No arg has been passed. LOCALHOST ip.
2025-10-08 12:08:59 DEBUG OClient:37 - Attempting to connect args[0]: localhost
2025-10-08 12:09:48 DEBUG ClientMain:23 - No arg has been passed. LOCALHOST ip.
2025-10-08 12:09:50 DEBUG OClient:37 - Attempting to connect args[0]: localhost
2025-10-08 12:44:31 DEBUG ClientMain:23 - No arg has been passed. LOCALHOST ip.
2025-10-08 12:44:32 DEBUG OClient:37 - Attempting to connect args[0]: localhost
2025-10-08 12:44:42 DEBUG ClientMain:23 - No arg has been passed. LOCALHOST ip.
2025-10-08 12:44:45 DEBUG OClient:37 - Attempting to connect args[0]: localhost
2025-10-08 13:04:48 DEBUG ClientMain:23 - No arg has been passed. LOCALHOST ip.
2025-10-08 13:04:50 DEBUG OClient:37 - Attempting to connect args[0]: localhost
2025-10-08 13:08:06 DEBUG ClientMain:23 - No arg has been passed. LOCALHOST ip.
2025-10-08 13:08:08 DEBUG OClient:37 - Attempting to connect args[0]: localhost
2025-10-08 13:08:33 DEBUG ClientMain:23 - No arg has been passed. LOCALHOST ip.
2025-10-08 13:08:35 DEBUG OClient:37 - Attempting to connect args[0]: localhost
2025-10-08 13:08:59 DEBUG ClientMain:23 - No arg has been passed. LOCALHOST ip.
2025-10-08 13:09:01 DEBUG OClient:37 - Attempting to connect args[0]: localhost
2025-10-08 13:12:54 DEBUG ClientMain:23 - No arg has been passed. LOCALHOST ip.
2025-10-08 13:12:56 DEBUG OClient:37 - Attempting to connect args[0]: localhost
2025-10-08 13:18:23 DEBUG ClientMain:23 - No arg has been passed. LOCALHOST ip.
2025-10-08 13:18:24 DEBUG OClient:37 - Attempting to connect args[0]: localhost
2025-10-08 13:19:03 DEBUG ClientMain:23 - No arg has been passed. LOCALHOST ip.
2025-10-08 13:19:04 DEBUG OClient:37 - Attempting to connect args[0]: localhost
