2025-09-18 13:36:43 DEBUG OServer:74 - Server has ben started on TCP_PORT: 1234 UDP_PORT: 1235
2025-09-18 13:36:43 DEBUG KillThemAllServer:28 - Server is up
2025-09-18 13:36:43 DEBUG ServerWorld:78 - Number of enemies : 0
2025-09-18 13:36:45 DEBUG ServerWorld:78 - Number of enemies : 5
2025-09-18 13:36:46 DEBUG ServerWorld:119 - Login Message recieved from : 1
2025-09-18 13:36:47 DEBUG ServerWorld:78 - Number of enemies : 10
2025-09-18 13:36:48 DEBUG ServerWorld:78 - Number of enemies : 10
2025-09-18 13:36:54 DEBUG ServerWorld:78 - Number of enemies : 15
2025-09-18 13:36:59 DEBUG ServerWorld:131 - Logout Message recieved from : 1 Size: 0
2025-09-18 13:39:53 DEBUG OServer:74 - Server has ben started on TCP_PORT: 1234 UDP_PORT: 1235
2025-09-18 13:39:53 DEBUG KillThemAllServer:28 - Server is up
2025-09-18 13:39:53 DEBUG ServerWorld:78 - Number of enemies : 0
2025-09-18 13:39:55 DEBUG ServerWorld:78 - Number of enemies : 5
2025-09-18 13:39:58 DEBUG ServerWorld:78 - Number of enemies : 10
2025-09-18 13:40:00 DEBUG ServerWorld:78 - Number of enemies : 15
2025-09-18 13:40:13 DEBUG ServerWorld:119 - Login Message recieved from : 1
2025-09-18 13:40:33 DEBUG ServerWorld:78 - Number of enemies : 15
2025-09-18 13:40:34 DEBUG ServerWorld:78 - Number of enemies : 15
2025-09-18 13:40:35 DEBUG ServerWorld:78 - Number of enemies : 15
2025-09-18 13:40:36 DEBUG ServerWorld:78 - Number of enemies : 15
2025-09-18 13:40:38 DEBUG ServerWorld:78 - Number of enemies : 15
2025-09-18 13:40:40 DEBUG ServerWorld:78 - Number of enemies : 15
2025-09-18 13:40:40 DEBUG ServerWorld:78 - Number of enemies : 15
2025-09-18 13:40:42 DEBUG ServerWorld:78 - Number of enemies : 15
2025-09-18 13:40:43 DEBUG ServerWorld:78 - Number of enemies : 15
2025-09-18 13:40:43 DEBUG ServerWorld:78 - Number of enemies : 15
2025-09-18 13:40:45 DEBUG ServerWorld:78 - Number of enemies : 15
2025-09-18 13:40:45 DEBUG ServerWorld:78 - Number of enemies : 15
2025-09-18 13:40:48 DEBUG ServerWorld:78 - Number of enemies : 15
2025-09-18 13:40:49 DEBUG ServerWorld:78 - Number of enemies : 15
2025-09-18 13:40:49 DEBUG ServerWorld:78 - Number of enemies : 15
2025-09-18 13:40:50 DEBUG ServerWorld:78 - Number of enemies : 15
2025-09-18 13:40:51 DEBUG ServerWorld:78 - Number of enemies : 15
2025-09-18 13:40:51 DEBUG ServerWorld:78 - Number of enemies : 15
2025-09-18 13:40:52 DEBUG ServerWorld:78 - Number of enemies : 15
2025-09-18 13:40:52 DEBUG ServerWorld:78 - Number of enemies : 15
2025-09-18 13:40:53 DEBUG ServerWorld:78 - Number of enemies : 15
2025-09-18 13:40:55 DEBUG ServerWorld:78 - Number of enemies : 15
2025-09-18 13:40:56 DEBUG ServerWorld:78 - Number of enemies : 15
2025-09-18 13:40:59 DEBUG ServerWorld:119 - Login Message recieved from : 2
2025-09-18 13:41:00 DEBUG ServerWorld:78 - Number of enemies : 15
2025-09-18 13:41:05 DEBUG ServerWorld:78 - Number of enemies : 15
2025-09-18 13:41:07 DEBUG ServerWorld:78 - Number of enemies : 15
2025-09-18 13:41:08 DEBUG ServerWorld:78 - Number of enemies : 15
2025-09-18 13:41:09 DEBUG ServerWorld:78 - Number of enemies : 15
2025-09-18 13:41:14 DEBUG ServerWorld:78 - Number of enemies : 15
2025-09-18 13:41:16 DEBUG ServerWorld:78 - Number of enemies : 15
2025-09-18 13:41:16 DEBUG ServerWorld:78 - Number of enemies : 15
2025-09-18 13:41:19 DEBUG ServerWorld:131 - Logout Message recieved from : 2 Size: 1
2025-09-18 13:41:52 DEBUG ServerWorld:119 - Login Message recieved from : 3
2025-09-18 13:42:51 DEBUG ServerWorld:131 - Logout Message recieved from : 1 Size: 1
2025-09-18 13:42:53 DEBUG ServerWorld:119 - Login Message recieved from : 4
2025-09-18 15:41:55 DEBUG OServer:74 - Server has ben started on TCP_PORT: 1234 UDP_PORT: 1235
2025-09-18 15:41:55 DEBUG KillThemAllServer:28 - Server is up
2025-09-18 15:41:55 DEBUG ServerWorld:78 - Number of enemies : 0
2025-09-18 15:41:57 DEBUG ServerWorld:78 - Number of enemies : 5
2025-09-18 15:41:59 DEBUG ServerWorld:78 - Number of enemies : 10
2025-09-18 15:42:01 DEBUG ServerWorld:78 - Number of enemies : 15
2025-09-18 15:42:02 DEBUG ServerWorld:119 - Login Message recieved from : 1
2025-09-18 15:49:26 DEBUG ServerWorld:131 - Logout Message recieved from : 1 Size: 0
2025-09-18 15:49:33 DEBUG ServerWorld:119 - Login Message recieved from : 2
2025-09-18 15:49:37 DEBUG ServerWorld:131 - Logout Message recieved from : 2 Size: 0
2025-10-06 18:36:55 DEBUG OServer:74 - Server has ben started on TCP_PORT: 1234 UDP_PORT: 1235
2025-10-06 18:36:55 DEBUG KillThemAllServer:28 - Server is up
2025-10-06 18:36:56 DEBUG ServerWorld:78 - Number of enemies : 0
2025-10-06 18:36:58 DEBUG ServerWorld:78 - Number of enemies : 5
2025-10-06 18:37:00 DEBUG ServerWorld:78 - Number of enemies : 10
2025-10-06 18:37:02 DEBUG ServerWorld:78 - Number of enemies : 15
2025-10-06 20:51:45 DEBUG ServerWorld:121 - Login Message recieved from : 1
2025-10-06 23:18:11 DEBUG OServer:74 - Server has ben started on TCP_PORT: 1234 UDP_PORT: 1235
2025-10-06 23:18:11 DEBUG KillThemAllServer:28 - Server is up
2025-10-06 23:18:11 DEBUG ServerWorld:78 - Number of enemies : 0
2025-10-06 23:18:13 DEBUG ServerWorld:78 - Number of enemies : 5
2025-10-06 23:18:15 DEBUG ServerWorld:78 - Number of enemies : 10
2025-10-06 23:18:17 DEBUG ServerWorld:78 - Number of enemies : 15
2025-10-06 23:18:41 DEBUG ServerWorld:121 - Login Message recieved from : 1
2025-10-06 23:19:40 DEBUG ServerWorld:121 - Login Message recieved from : 2
2025-10-06 23:21:21 DEBUG ServerWorld:78 - Number of enemies : 15
2025-10-06 23:21:22 DEBUG ServerWorld:78 - Number of enemies : 15
2025-10-06 23:21:23 DEBUG ServerWorld:78 - Number of enemies : 15
2025-10-06 23:21:24 DEBUG ServerWorld:78 - Number of enemies : 15
2025-10-06 23:21:24 DEBUG ServerWorld:78 - Number of enemies : 15
2025-10-06 23:21:25 DEBUG ServerWorld:78 - Number of enemies : 15
2025-10-06 23:21:25 DEBUG ServerWorld:78 - Number of enemies : 15
2025-10-06 23:21:26 DEBUG ServerWorld:78 - Number of enemies : 15
2025-10-06 23:21:28 DEBUG ServerWorld:78 - Number of enemies : 15
2025-10-06 23:21:29 DEBUG ServerWorld:78 - Number of enemies : 15
2025-10-06 23:21:29 DEBUG ServerWorld:78 - Number of enemies : 15
2025-10-06 23:21:30 DEBUG ServerWorld:78 - Number of enemies : 15
2025-10-06 23:21:31 DEBUG ServerWorld:78 - Number of enemies : 15
2025-10-06 23:21:32 DEBUG ServerWorld:78 - Number of enemies : 15
2025-10-06 23:21:32 DEBUG ServerWorld:78 - Number of enemies : 15
2025-10-06 23:21:33 DEBUG ServerWorld:78 - Number of enemies : 15
2025-10-06 23:21:34 DEBUG ServerWorld:78 - Number of enemies : 15
2025-10-06 23:21:34 DEBUG ServerWorld:78 - Number of enemies : 15
2025-10-06 23:21:36 DEBUG ServerWorld:78 - Number of enemies : 15
2025-10-06 23:21:36 DEBUG ServerWorld:78 - Number of enemies : 15
2025-10-06 23:21:37 DEBUG ServerWorld:78 - Number of enemies : 15
2025-10-06 23:21:38 DEBUG ServerWorld:78 - Number of enemies : 15
2025-10-06 23:21:39 DEBUG ServerWorld:78 - Number of enemies : 15
2025-10-06 23:21:40 DEBUG ServerWorld:78 - Number of enemies : 15
2025-10-06 23:21:40 DEBUG ServerWorld:78 - Number of enemies : 15
2025-10-06 23:21:41 DEBUG ServerWorld:78 - Number of enemies : 15
2025-10-06 23:21:42 DEBUG ServerWorld:78 - Number of enemies : 15
2025-10-06 23:21:42 DEBUG ServerWorld:78 - Number of enemies : 15
2025-10-06 23:21:43 DEBUG ServerWorld:78 - Number of enemies : 15
2025-10-06 23:21:44 DEBUG ServerWorld:78 - Number of enemies : 15
2025-10-06 23:21:46 DEBUG ServerWorld:133 - Logout Message recieved from : 2 Size: 0
2025-10-06 23:53:52 DEBUG ServerWorld:121 - Login Message recieved from : 3
2025-10-06 23:53:57 DEBUG ServerWorld:133 - Logout Message recieved from : 3 Size: 0
2025-10-07 12:12:12 DEBUG OServer:74 - Server has ben started on TCP_PORT: 1234 UDP_PORT: 1235
2025-10-07 12:12:12 DEBUG KillThemAllServer:28 - Server is up
2025-10-07 12:12:13 DEBUG ServerWorld:78 - Number of enemies : 0
2025-10-07 12:12:15 DEBUG ServerWorld:78 - Number of enemies : 5
2025-10-07 12:12:17 DEBUG ServerWorld:78 - Number of enemies : 10
2025-10-07 12:12:19 DEBUG ServerWorld:78 - Number of enemies : 15
2025-10-07 12:12:22 DEBUG ServerWorld:121 - Login Message recieved from : 1
2025-10-07 12:12:24 DEBUG ServerWorld:78 - Number of enemies : 15
2025-10-07 12:12:25 DEBUG ServerWorld:78 - Number of enemies : 15
2025-10-07 12:12:26 DEBUG ServerWorld:78 - Number of enemies : 15
2025-10-07 12:12:30 DEBUG ServerWorld:133 - Logout Message recieved from : 1 Size: 0
2025-10-07 12:15:42 DEBUG ServerWorld:121 - Login Message recieved from : 2
2025-10-07 12:15:46 DEBUG ServerWorld:133 - Logout Message recieved from : 2 Size: 0
2025-10-07 12:22:29 DEBUG ServerWorld:121 - Login Message recieved from : 3
2025-10-07 12:22:31 DEBUG ServerWorld:78 - Number of enemies : 15
2025-10-07 12:22:36 DEBUG ServerWorld:133 - Logout Message recieved from : 3 Size: 0
2025-10-07 17:25:04 DEBUG OServer:74 - Server has ben started on TCP_PORT: 1234 UDP_PORT: 1235
2025-10-07 17:25:04 DEBUG KillThemAllServer:28 - Server is up
2025-10-07 17:25:05 DEBUG ServerWorld:78 - Number of enemies : 0
2025-10-07 17:25:07 DEBUG ServerWorld:78 - Number of enemies : 5
2025-10-07 17:25:09 DEBUG ServerWorld:78 - Number of enemies : 10
2025-10-07 17:25:11 DEBUG ServerWorld:78 - Number of enemies : 15
2025-10-07 17:31:13 DEBUG ServerWorld:121 - Login Message recieved from : 1
2025-10-07 17:31:23 DEBUG ServerWorld:78 - Number of enemies : 15
2025-10-07 17:31:23 DEBUG ServerWorld:78 - Number of enemies : 15
2025-10-07 17:31:25 DEBUG ServerWorld:133 - Logout Message recieved from : 1 Size: 0
2025-10-07 22:47:49 DEBUG OServer:74 - Server has ben started on TCP_PORT: 1234 UDP_PORT: 1235
2025-10-07 22:47:49 DEBUG KillThemAllServer:28 - Server is up
2025-10-07 22:47:49 DEBUG ServerWorld:78 - Number of enemies : 0
2025-10-07 22:47:51 DEBUG ServerWorld:78 - Number of enemies : 5
2025-10-07 22:47:53 DEBUG ServerWorld:78 - Number of enemies : 10
2025-10-07 22:47:55 DEBUG ServerWorld:78 - Number of enemies : 15
2025-10-07 22:48:20 DEBUG ServerWorld:121 - Login Message recieved from : 1
2025-10-07 22:48:25 DEBUG ServerWorld:78 - Number of enemies : 15
2025-10-07 22:48:31 DEBUG ServerWorld:133 - Logout Message recieved from : 1 Size: 0
2025-10-07 22:49:05 DEBUG ServerWorld:121 - Login Message recieved from : 2
2025-10-07 22:49:26 DEBUG ServerWorld:121 - Login Message recieved from : 3
2025-10-07 22:49:35 DEBUG ServerWorld:133 - Logout Message recieved from : 3 Size: 1
2025-10-07 22:49:36 DEBUG ServerWorld:133 - Logout Message recieved from : 2 Size: 0
2025-10-08 10:48:14 DEBUG OServer:74 - Server has ben started on TCP_PORT: 1234 UDP_PORT: 1235
2025-10-08 10:48:14 DEBUG KillThemAllServer:28 - Server is up
2025-10-08 10:48:15 DEBUG ServerWorld:78 - Number of enemies : 0
2025-10-08 10:48:17 DEBUG ServerWorld:78 - Number of enemies : 5
2025-10-08 10:48:19 DEBUG ServerWorld:78 - Number of enemies : 10
2025-10-08 10:48:21 DEBUG ServerWorld:78 - Number of enemies : 15
2025-10-08 10:48:36 DEBUG ServerWorld:121 - Login Message recieved from : 1
2025-10-08 10:48:44 DEBUG ServerWorld:133 - Logout Message recieved from : 1 Size: 0
2025-10-08 10:48:54 DEBUG ServerWorld:121 - Login Message recieved from : 2
2025-10-08 10:48:58 DEBUG ServerWorld:133 - Logout Message recieved from : 2 Size: 0
2025-10-08 10:51:14 DEBUG ServerWorld:121 - Login Message recieved from : 3
2025-10-08 10:54:49 DEBUG ServerWorld:121 - Login Message recieved from : 4
2025-10-08 10:55:12 DEBUG ServerWorld:133 - Logout Message recieved from : 4 Size: 1
2025-10-08 10:57:11 DEBUG ServerWorld:121 - Login Message recieved from : 5
2025-10-08 11:01:14 DEBUG ServerWorld:121 - Login Message recieved from : 6
2025-10-08 11:01:14 DEBUG ServerWorld:78 - Number of enemies : 15
2025-10-08 11:01:17 DEBUG ServerWorld:133 - Logout Message recieved from : 6 Size: 2
2025-10-08 11:01:54 DEBUG ServerWorld:121 - Login Message recieved from : 7
2025-10-08 11:02:01 DEBUG ServerWorld:121 - Login Message recieved from : 8
2025-10-08 11:02:13 DEBUG ServerWorld:133 - Logout Message recieved from : 8 Size: 3
2025-10-08 11:03:21 DEBUG ServerWorld:121 - Login Message recieved from : 9
2025-10-08 11:03:26 DEBUG ServerWorld:133 - Logout Message recieved from : 9 Size: 3
2025-10-08 11:04:23 DEBUG ServerWorld:121 - Login Message recieved from : 10
2025-10-08 11:08:26 DEBUG ServerWorld:121 - Login Message recieved from : 11
2025-10-08 11:14:16 DEBUG ServerWorld:133 - Logout Message recieved from : 11 Size: 4
2025-10-08 11:18:49 DEBUG ServerWorld:121 - Login Message recieved from : 12
2025-10-08 11:18:59 DEBUG ServerWorld:78 - Number of enemies : 15
2025-10-08 11:19:02 DEBUG ServerWorld:78 - Number of enemies : 15
2025-10-08 11:19:04 DEBUG ServerWorld:133 - Logout Message recieved from : 12 Size: 3
2025-10-08 11:19:19 DEBUG OServer:74 - Server has ben started on TCP_PORT: 1234 UDP_PORT: 1235
2025-10-08 11:19:19 DEBUG KillThemAllServer:28 - Server is up
2025-10-08 11:19:19 DEBUG ServerWorld:78 - Number of enemies : 0
2025-10-08 11:19:21 DEBUG ServerWorld:78 - Number of enemies : 5
2025-10-08 11:19:23 DEBUG ServerWorld:78 - Number of enemies : 10
2025-10-08 11:19:25 DEBUG ServerWorld:78 - Number of enemies : 15
2025-10-08 11:20:44 DEBUG OServer:74 - Server has ben started on TCP_PORT: 1234 UDP_PORT: 1235
2025-10-08 11:20:44 DEBUG KillThemAllServer:28 - Server is up
2025-10-08 11:20:45 DEBUG ServerWorld:78 - Number of enemies : 0
2025-10-08 11:20:47 DEBUG ServerWorld:78 - Number of enemies : 5
2025-10-08 11:20:49 DEBUG ServerWorld:78 - Number of enemies : 10
2025-10-08 11:20:51 DEBUG ServerWorld:78 - Number of enemies : 15
2025-10-08 11:21:15 DEBUG ServerWorld:121 - Login Message recieved from : 1
2025-10-08 11:46:54 DEBUG OServer:74 - Server has ben started on TCP_PORT: 1234 UDP_PORT: 1235
2025-10-08 11:46:54 DEBUG KillThemAllServer:28 - Server is up
2025-10-08 11:46:54 DEBUG ServerWorld:78 - Number of enemies : 0
2025-10-08 11:46:56 DEBUG ServerWorld:78 - Number of enemies : 5
2025-10-08 11:46:58 DEBUG ServerWorld:78 - Number of enemies : 10
2025-10-08 11:47:00 DEBUG ServerWorld:121 - Login Message recieved from : 1
2025-10-08 11:47:00 DEBUG ServerWorld:78 - Number of enemies : 15
2025-10-08 11:47:09 DEBUG ServerWorld:133 - Logout Message recieved from : 1 Size: 0
2025-10-08 11:50:52 DEBUG ServerWorld:121 - Login Message recieved from : 2
2025-10-08 11:50:55 DEBUG ServerWorld:78 - Number of enemies : 15
2025-10-08 11:51:00 DEBUG ServerWorld:78 - Number of enemies : 15
2025-10-08 11:51:03 DEBUG ServerWorld:78 - Number of enemies : 15
2025-10-08 11:51:04 DEBUG ServerWorld:78 - Number of enemies : 15
2025-10-08 11:51:07 DEBUG ServerWorld:78 - Number of enemies : 15
2025-10-08 11:51:09 DEBUG ServerWorld:78 - Number of enemies : 15
2025-10-08 11:51:12 DEBUG ServerWorld:78 - Number of enemies : 15
2025-10-08 11:51:15 DEBUG ServerWorld:133 - Logout Message recieved from : 2 Size: 0
2025-10-08 11:52:01 DEBUG ServerWorld:121 - Login Message recieved from : 3
2025-10-08 11:52:35 DEBUG ServerWorld:121 - Login Message recieved from : 4
2025-10-08 11:52:40 DEBUG ServerWorld:78 - Number of enemies : 15
2025-10-08 11:52:42 DEBUG ServerWorld:78 - Number of enemies : 15
2025-10-08 11:52:45 DEBUG ServerWorld:78 - Number of enemies : 15
2025-10-08 11:52:54 DEBUG ServerWorld:78 - Number of enemies : 15
2025-10-08 11:52:59 DEBUG ServerWorld:78 - Number of enemies : 15
2025-10-08 11:53:01 DEBUG ServerWorld:133 - Logout Message recieved from : 4 Size: 1
2025-10-08 11:53:09 DEBUG ServerWorld:121 - Login Message recieved from : 5
2025-10-08 11:53:11 DEBUG ServerWorld:78 - Number of enemies : 15
2025-10-08 11:53:14 DEBUG ServerWorld:78 - Number of enemies : 15
2025-10-08 11:53:16 DEBUG ServerWorld:78 - Number of enemies : 15
2025-10-08 11:53:18 DEBUG ServerWorld:133 - Logout Message recieved from : 5 Size: 1
2025-10-08 11:57:28 DEBUG ServerWorld:121 - Login Message recieved from : 6
2025-10-08 11:57:35 DEBUG ServerWorld:78 - Number of enemies : 15
2025-10-08 11:57:36 DEBUG ServerWorld:133 - Logout Message recieved from : 6 Size: 1
2025-10-08 12:08:59 DEBUG ServerWorld:121 - Login Message recieved from : 7
2025-10-08 12:09:03 DEBUG ServerWorld:78 - Number of enemies : 15
2025-10-08 12:09:05 DEBUG ServerWorld:133 - Logout Message recieved from : 7 Size: 1
2025-10-08 12:10:00 DEBUG ServerWorld:121 - Login Message recieved from : 8
2025-10-08 12:10:02 DEBUG ServerWorld:78 - Number of enemies : 15
2025-10-08 12:10:03 DEBUG ServerWorld:78 - Number of enemies : 15
2025-10-08 12:10:10 DEBUG ServerWorld:133 - Logout Message recieved from : 8 Size: 1
2025-10-08 12:44:42 DEBUG ServerWorld:121 - Login Message recieved from : 9
2025-10-08 12:44:45 DEBUG ServerWorld:121 - Login Message recieved from : 10
2025-10-08 12:45:22 DEBUG ServerWorld:133 - Logout Message recieved from : 10 Size: 2
2025-10-08 12:45:23 DEBUG ServerWorld:133 - Logout Message recieved from : 9 Size: 1
2025-10-08 13:05:02 DEBUG ServerWorld:121 - Login Message recieved from : 11
2025-10-08 13:05:04 DEBUG ServerWorld:133 - Logout Message recieved from : 11 Size: 1
2025-10-08 13:08:11 DEBUG ServerWorld:121 - Login Message recieved from : 12
2025-10-08 13:08:41 DEBUG ServerWorld:121 - Login Message recieved from : 13
2025-10-08 13:09:16 DEBUG ServerWorld:121 - Login Message recieved from : 14
2025-10-08 13:13:58 DEBUG ServerWorld:121 - Login Message recieved from : 15
2025-10-08 13:14:03 DEBUG ServerWorld:78 - Number of enemies : 15
2025-10-08 13:14:10 DEBUG ServerWorld:78 - Number of enemies : 15
2025-10-08 13:14:38 DEBUG ServerWorld:133 - Logout Message recieved from : 15 Size: 0
2025-10-08 13:18:55 DEBUG ServerWorld:121 - Login Message recieved from : 16
2025-10-08 13:18:59 DEBUG ServerWorld:78 - Number of enemies : 15
2025-10-08 13:19:01 DEBUG ServerWorld:133 - Logout Message recieved from : 16 Size: 0
2025-10-08 13:19:14 DEBUG ServerWorld:121 - Login Message recieved from : 17
2025-10-08 13:19:22 DEBUG ServerWorld:133 - Logout Message recieved from : 17 Size: 0
